\BOOKMARK [0][-]{title.0}{Titlepage}{}% 1
\BOOKMARK [0][-]{contents.0}{Contents}{}% 2
\BOOKMARK [0][-]{introduction.0}{Introduction}{}% 3
\BOOKMARK [-1][-]{part.1}{I Introduction and Preliminaries}{}% 4
\BOOKMARK [0][-]{chapter.1}{Preliminaries}{part.1}% 5
\BOOKMARK [1][-]{section.1.1}{MOA Stream Mining }{chapter.1}% 6
\BOOKMARK [1][-]{section.1.2}{Assumptions}{chapter.1}% 7
\BOOKMARK [1][-]{section.1.3}{Requirements}{chapter.1}% 8
\BOOKMARK [1][-]{section.1.4}{Mining Strategies}{chapter.1}% 9
\BOOKMARK [1][-]{section.1.5}{Change Detection Strategies}{chapter.1}% 10
\BOOKMARK [0][-]{chapter.2}{MOA Experimental Setting}{part.1}% 11
\BOOKMARK [1][-]{section.2.1}{Previous Evaluation Practices}{chapter.2}% 12
\BOOKMARK [2][-]{subsection.2.1.1}{Batch Setting}{section.2.1}% 13
\BOOKMARK [2][-]{subsection.2.1.2}{Data Stream Setting}{section.2.1}% 14
\BOOKMARK [1][-]{section.2.2}{Evaluation Procedures for Data Streams}{chapter.2}% 15
\BOOKMARK [2][-]{subsection.2.2.1}{Holdout}{section.2.2}% 16
\BOOKMARK [2][-]{subsection.2.2.2}{Interleaved Test-Then-Train or Prequential}{section.2.2}% 17
\BOOKMARK [2][-]{subsection.2.2.3}{Comparison}{section.2.2}% 18
\BOOKMARK [1][-]{section.2.3}{Testing Framework}{chapter.2}% 19
\BOOKMARK [1][-]{section.2.4}{Environments}{chapter.2}% 20
\BOOKMARK [2][-]{subsection.2.4.1}{Sensor Network}{section.2.4}% 21
\BOOKMARK [2][-]{subsection.2.4.2}{Handheld Computer}{section.2.4}% 22
\BOOKMARK [2][-]{subsection.2.4.3}{Server}{section.2.4}% 23
\BOOKMARK [1][-]{section.2.5}{Data Sources}{chapter.2}% 24
\BOOKMARK [2][-]{subsection.2.5.1}{Random Tree Generator}{section.2.5}% 25
\BOOKMARK [2][-]{subsection.2.5.2}{Random RBF Generator}{section.2.5}% 26
\BOOKMARK [2][-]{subsection.2.5.3}{LED Generator}{section.2.5}% 27
\BOOKMARK [2][-]{subsection.2.5.4}{Waveform Generator}{section.2.5}% 28
\BOOKMARK [2][-]{subsection.2.5.5}{Function Generator}{section.2.5}% 29
\BOOKMARK [1][-]{section.2.6}{Generation Speed and Data Size}{chapter.2}% 30
\BOOKMARK [1][-]{section.2.7}{Evolving Stream Experimental Setting}{chapter.2}% 31
\BOOKMARK [2][-]{subsection.2.7.1}{Concept Drift Framework}{section.2.7}% 32
\BOOKMARK [2][-]{subsection.2.7.2}{Datasets for concept drift}{section.2.7}% 33
\BOOKMARK [-1][-]{part.2}{II Stationary Data Stream Learning}{}% 34
\BOOKMARK [0][-]{chapter.3}{Hoeffding Trees}{part.2}% 35
\BOOKMARK [1][-]{section.3.1}{The Hoeffding Bound for Tree Induction}{chapter.3}% 36
\BOOKMARK [1][-]{section.3.2}{The Basic Algorithm}{chapter.3}% 37
\BOOKMARK [2][-]{subsection.3.2.1}{Split Confidence}{section.3.2}% 38
\BOOKMARK [2][-]{subsection.3.2.2}{Sufficient Statistics}{section.3.2}% 39
\BOOKMARK [2][-]{subsection.3.2.3}{Grace Period}{section.3.2}% 40
\BOOKMARK [2][-]{subsection.3.2.4}{Pre-pruning}{section.3.2}% 41
\BOOKMARK [2][-]{subsection.3.2.5}{Tie-breaking}{section.3.2}% 42
\BOOKMARK [2][-]{subsection.3.2.6}{Skewed Split Prevention}{section.3.2}% 43
\BOOKMARK [1][-]{section.3.3}{Memory Management}{chapter.3}% 44
\BOOKMARK [2][-]{subsection.3.3.1}{Poor Attribute Removal}{section.3.3}% 45
\BOOKMARK [1][-]{section.3.4}{MOA Java Implementation Details}{chapter.3}% 46
\BOOKMARK [2][-]{subsection.3.4.1}{Fast Size Estimates}{section.3.4}% 47
\BOOKMARK [0][-]{chapter.4}{Numeric Attributes}{part.2}% 48
\BOOKMARK [1][-]{section.4.1}{Batch Setting Approaches}{chapter.4}% 49
\BOOKMARK [2][-]{subsection.4.1.1}{Equal Width}{section.4.1}% 50
\BOOKMARK [2][-]{subsection.4.1.2}{Equal Frequency}{section.4.1}% 51
\BOOKMARK [2][-]{subsection.4.1.3}{k-means Clustering}{section.4.1}% 52
\BOOKMARK [2][-]{subsection.4.1.4}{Fayyad and Irani}{section.4.1}% 53
\BOOKMARK [2][-]{subsection.4.1.5}{C4.5}{section.4.1}% 54
\BOOKMARK [1][-]{section.4.2}{Data Stream Approaches}{chapter.4}% 55
\BOOKMARK [2][-]{subsection.4.2.1}{VFML Implementation}{section.4.2}% 56
\BOOKMARK [2][-]{subsection.4.2.2}{Exhaustive Binary Tree}{section.4.2}% 57
\BOOKMARK [2][-]{subsection.4.2.3}{Quantile Summaries}{section.4.2}% 58
\BOOKMARK [2][-]{subsection.4.2.4}{Gaussian Approximation}{section.4.2}% 59
\BOOKMARK [2][-]{subsection.4.2.5}{Numerical Interval Pruning}{section.4.2}% 60
\BOOKMARK [0][-]{chapter.5}{Prediction Strategies}{part.2}% 61
\BOOKMARK [1][-]{section.5.1}{Majority Class}{chapter.5}% 62
\BOOKMARK [1][-]{section.5.2}{Naive Bayes Leaves}{chapter.5}% 63
\BOOKMARK [1][-]{section.5.3}{Adaptive Hybrid}{chapter.5}% 64
\BOOKMARK [0][-]{chapter.6}{Hoeffding Tree Ensembles}{part.2}% 65
\BOOKMARK [1][-]{section.6.1}{Batch Setting}{chapter.6}% 66
\BOOKMARK [2][-]{subsection.6.1.1}{Bagging}{section.6.1}% 67
\BOOKMARK [2][-]{subsection.6.1.2}{Boosting}{section.6.1}% 68
\BOOKMARK [2][-]{subsection.6.1.3}{Option Trees}{section.6.1}% 69
\BOOKMARK [1][-]{section.6.2}{Data Stream Setting}{chapter.6}% 70
\BOOKMARK [2][-]{subsection.6.2.1}{Bagging}{section.6.2}% 71
\BOOKMARK [2][-]{subsection.6.2.2}{Boosting}{section.6.2}% 72
\BOOKMARK [2][-]{subsection.6.2.3}{Option Trees}{section.6.2}% 73
\BOOKMARK [1][-]{section.6.3}{Realistic Ensemble Sizes}{chapter.6}% 74
\BOOKMARK [-1][-]{part.3}{III Evolving Data Stream Learning}{}% 75
\BOOKMARK [0][-]{chapter.7}{Evolving data streams}{part.3}% 76
\BOOKMARK [1][-]{section.7.1}{Algorithms for mining with change}{chapter.7}% 77
\BOOKMARK [2][-]{subsection.7.1.1}{OLIN: Last}{section.7.1}% 78
\BOOKMARK [2][-]{subsection.7.1.2}{CVFDT: Domingos}{section.7.1}% 79
\BOOKMARK [2][-]{subsection.7.1.3}{UFFT: Gama}{section.7.1}% 80
\BOOKMARK [1][-]{section.7.2}{A Methodology for Adaptive Stream Mining}{chapter.7}% 81
\BOOKMARK [2][-]{subsection.7.2.1}{Time Change Detectors and Predictors: A General Framework}{section.7.2}% 82
\BOOKMARK [2][-]{subsection.7.2.2}{Window Management Models}{section.7.2}% 83
\BOOKMARK [1][-]{section.7.3}{Optimal Change Detector and Predictor}{chapter.7}% 84
\BOOKMARK [0][-]{chapter.8}{Adaptive Sliding Windows}{part.3}% 85
\BOOKMARK [1][-]{section.8.1}{Introduction}{chapter.8}% 86
\BOOKMARK [1][-]{section.8.2}{Maintaining Updated Windows of Varying Length}{chapter.8}% 87
\BOOKMARK [2][-]{subsection.8.2.1}{Setting}{section.8.2}% 88
\BOOKMARK [2][-]{subsection.8.2.2}{First algorithm: ADWIN0 }{section.8.2}% 89
\BOOKMARK [2][-]{subsection.8.2.3}{ADWIN0 for Poisson processes}{section.8.2}% 90
\BOOKMARK [2][-]{subsection.8.2.4}{Improving time and memory requirements}{section.8.2}% 91
\BOOKMARK [1][-]{section.8.3}{K-ADWIN = ADWIN + Kalman Filtering}{chapter.8}% 92
\BOOKMARK [0][-]{chapter.9}{Adaptive Hoeffding Trees}{part.3}% 93
\BOOKMARK [1][-]{section.9.1}{Introduction}{chapter.9}% 94
\BOOKMARK [1][-]{section.9.2}{Decision Trees on Sliding Windows}{chapter.9}% 95
\BOOKMARK [2][-]{subsection.9.2.1}{HWT-ADWIN : Hoeffding Window Tree using ADWIN }{section.9.2}% 96
\BOOKMARK [2][-]{subsection.9.2.2}{CVFDT}{section.9.2}% 97
\BOOKMARK [1][-]{section.9.3}{Hoeffding Adaptive Trees}{chapter.9}% 98
\BOOKMARK [2][-]{subsection.9.3.1}{Example of performance Guarantee}{section.9.3}% 99
\BOOKMARK [2][-]{subsection.9.3.2}{Memory Complexity Analysis}{section.9.3}% 100
\BOOKMARK [0][-]{chapter.10}{Adaptive Ensemble Methods}{part.3}% 101
\BOOKMARK [1][-]{section.10.1}{New method of Bagging using trees of different size}{chapter.10}% 102
\BOOKMARK [1][-]{section.10.2}{New method of Bagging using ADWIN }{chapter.10}% 103
\BOOKMARK [1][-]{section.10.3}{Adaptive Hoeffding Option Trees}{chapter.10}% 104
\BOOKMARK [1][-]{section.10.4}{Method performance}{chapter.10}% 105
\BOOKMARK [0][-]{chapter.11}{Restricted Hoeffding Trees Stacking}{part.3}% 106
\BOOKMARK [1][-]{section.11.1}{Combining Restricted Hoeffding Trees using Stacking}{chapter.11}% 107
\BOOKMARK [2][-]{subsection.11.1.1}{ADWIN-based Change Detection}{section.11.1}% 108
\BOOKMARK [2][-]{subsection.11.1.2}{A Note on Computational Complexity}{section.11.1}% 109
\BOOKMARK [0][-]{chapter.12}{Leveraging Bagging}{part.3}% 110
\BOOKMARK [1][-]{section.12.1}{Bagging Literature}{chapter.12}% 111
\BOOKMARK [1][-]{section.12.2}{Leveraging Bagging}{chapter.12}% 112
\BOOKMARK [0][-]{chapter.13}{Twitter Stream Mining}{part.3}% 113
\BOOKMARK [1][-]{section.13.1}{Mining Twitter Data: Challenges}{chapter.13}% 114
\BOOKMARK [2][-]{subsection.13.1.1}{The Twitter Streaming API}{section.13.1}% 115
\BOOKMARK [1][-]{section.13.2}{Twitter Sentiment Analysis}{chapter.13}% 116
\BOOKMARK [1][-]{section.13.3}{Streaming Data Evaluation with Unbalanced Classes}{chapter.13}% 117
\BOOKMARK [1][-]{section.13.4}{Data Stream Mining Methods}{chapter.13}% 118
\BOOKMARK [-1][-]{section*.12}{Bibliography}{}% 119
