This is pdfTeX, Version 3.14159265-2.6-1.40.17 (MiKTeX 2.9 64-bit) (preloaded format=pdflatex 2016.11.13)  13 NOV 2016 16:49
entering extended mode
**./Manual.tex
(Manual.tex
LaTeX2e <2016/03/31> patch level 3
Babel <3.9r> and hyphenation patterns for 75 language(s) loaded.
("C:\Program Files\MiKTeX 2.9\tex\latex\base\book.cls"
Document Class: book 2014/09/29 v1.4h Standard LaTeX document class
("C:\Program Files\MiKTeX 2.9\tex\latex\base\bk12.clo"
File: bk12.clo 2014/09/29 v1.4h Standard LaTeX file (size option)
)
\c@part=\count79
\c@chapter=\count80
\c@section=\count81
\c@subsection=\count82
\c@subsubsection=\count83
\c@paragraph=\count84
\c@subparagraph=\count85
\c@figure=\count86
\c@table=\count87
\abovecaptionskip=\skip41
\belowcaptionskip=\skip42
\bibindent=\dimen102
)
(C:\Users\Andrzej\AppData\Roaming\MiKTeX\2.9\tex\latex\textfit\textfit.sty
Package: textfit 1994/04/15
\mags@f@r=\count88
\desired@size=\dimen103
\r@mainder=\count89
\m@gstepcount=\count90
\m@gsteplimit=\count91
\m@gstepvalue=\count92
\m@gstepdimen=\dimen104
)
(phdthesis.sty
Package: phdthesis 2007/09/11 v1.0 PhD Thesis Style
 ("C:\Program Files\MiKTeX 2.9\tex\latex\amsmath\amsmath.sty"
Package: amsmath 2016/06/28 v2.15d AMS math features
\@mathmargin=\skip43

For additional information on amsmath, use the `?' option.
("C:\Program Files\MiKTeX 2.9\tex\latex\amsmath\amstext.sty"
Package: amstext 2000/06/29 v2.01 AMS text

("C:\Program Files\MiKTeX 2.9\tex\latex\amsmath\amsgen.sty"
File: amsgen.sty 1999/11/30 v2.0 generic functions
\@emptytoks=\toks14
\ex@=\dimen105
))
("C:\Program Files\MiKTeX 2.9\tex\latex\amsmath\amsbsy.sty"
Package: amsbsy 1999/11/29 v1.2d Bold Symbols
\pmbraise@=\dimen106
)
("C:\Program Files\MiKTeX 2.9\tex\latex\amsmath\amsopn.sty"
Package: amsopn 2016/03/08 v2.02 operator names
)
\inf@bad=\count93
LaTeX Info: Redefining \frac on input line 199.
\uproot@=\count94
\leftroot@=\count95
LaTeX Info: Redefining \overline on input line 297.
\classnum@=\count96
\DOTSCASE@=\count97
LaTeX Info: Redefining \ldots on input line 394.
LaTeX Info: Redefining \dots on input line 397.
LaTeX Info: Redefining \cdots on input line 518.
\Mathstrutbox@=\box26
\strutbox@=\box27
\big@size=\dimen107
LaTeX Font Info:    Redeclaring font encoding OML on input line 634.
LaTeX Font Info:    Redeclaring font encoding OMS on input line 635.
\macc@depth=\count98
\c@MaxMatrixCols=\count99
\dotsspace@=\muskip10
\c@parentequation=\count100
\dspbrk@lvl=\count101
\tag@help=\toks15
\row@=\count102
\column@=\count103
\maxfields@=\count104
\andhelp@=\toks16
\eqnshift@=\dimen108
\alignsep@=\dimen109
\tagshift@=\dimen110
\tagwidth@=\dimen111
\totwidth@=\dimen112
\lineht@=\dimen113
\@envbody=\toks17
\multlinegap=\skip44
\multlinetaggap=\skip45
\mathdisplay@stack=\toks18
LaTeX Info: Redefining \[ on input line 2739.
LaTeX Info: Redefining \] on input line 2740.
)
(C:\Users\Andrzej\AppData\Roaming\MiKTeX\2.9\tex\latex\fancybox\fancybox.sty
Package: fancybox 2010/05/15 1.4

Style option: `fancybox' v1.4 <2010/05/15> (tvz)
\@fancybox=\box28
\shadowsize=\dimen114
\@Sbox=\box29
\do@VerbBox=\toks19
\the@fancyput=\toks20
\this@fancyput=\toks21
\EndVerbatimTokens=\toks22
\Verbatim@Outfile=\write3
\Verbatim@Infile=\read1
) (psboxit.sty
\gray@box=\box30
\gray@space=\dimen115
)
(C:\Users\Andrzej\AppData\Roaming\MiKTeX\2.9\tex\latex\fancyhdr\fancyhdr.sty
Package: fancyhdr 2016/09/06 3.8 Extensive control of page headers and footers
\fancy@headwidth=\skip46
\f@ncyO@elh=\skip47
\f@ncyO@erh=\skip48
\f@ncyO@olh=\skip49
\f@ncyO@orh=\skip50
\f@ncyO@elf=\skip51
\f@ncyO@erf=\skip52
\f@ncyO@olf=\skip53
\f@ncyO@orf=\skip54
)
(C:\Users\Andrzej\AppData\Roaming\MiKTeX\2.9\tex\latex\pgf\frontendlayer\tikz.s
ty
(C:\Users\Andrzej\AppData\Roaming\MiKTeX\2.9\tex\latex\pgf\basiclayer\pgf.sty
(C:\Users\Andrzej\AppData\Roaming\MiKTeX\2.9\tex\latex\pgf\utilities\pgfrcs.sty

(C:\Users\Andrzej\AppData\Roaming\MiKTeX\2.9\tex\generic\pgf\utilities\pgfutil-
common.tex
\pgfutil@everybye=\toks23
\pgfutil@tempdima=\dimen116
\pgfutil@tempdimb=\dimen117

(C:\Users\Andrzej\AppData\Roaming\MiKTeX\2.9\tex\generic\pgf\utilities\pgfutil-
common-lists.tex))
(C:\Users\Andrzej\AppData\Roaming\MiKTeX\2.9\tex\generic\pgf\utilities\pgfutil-
latex.def
\pgfutil@abb=\box31

(C:\Users\Andrzej\AppData\Roaming\MiKTeX\2.9\tex\latex\ms\everyshi.sty
Package: everyshi 2001/05/15 v3.00 EveryShipout Package (MS)
))
(C:\Users\Andrzej\AppData\Roaming\MiKTeX\2.9\tex\generic\pgf\utilities\pgfrcs.c
ode.tex
Package: pgfrcs 2015/08/07 v3.0.1a (rcs-revision 1.31)
))
Package: pgf 2015/08/07 v3.0.1a (rcs-revision 1.15)

(C:\Users\Andrzej\AppData\Roaming\MiKTeX\2.9\tex\latex\pgf\basiclayer\pgfcore.s
ty ("C:\Program Files\MiKTeX 2.9\tex\latex\graphics\graphicx.sty"
Package: graphicx 2014/10/28 v1.0g Enhanced LaTeX Graphics (DPC,SPQR)

("C:\Program Files\MiKTeX 2.9\tex\latex\graphics\keyval.sty"
Package: keyval 2014/10/28 v1.15 key=value parser (DPC)
\KV@toks@=\toks24
)
("C:\Program Files\MiKTeX 2.9\tex\latex\graphics\graphics.sty"
Package: graphics 2016/07/10 v1.0t Standard LaTeX Graphics (DPC,SPQR)

("C:\Program Files\MiKTeX 2.9\tex\latex\graphics\trig.sty"
Package: trig 2016/01/03 v1.10 sin cos tan (DPC)
)
("C:\Program Files\MiKTeX 2.9\tex\latex\00miktex\graphics.cfg"
File: graphics.cfg 2016/06/04 v1.11 sample graphics configuration
)
Package graphics Info: Driver file: pdftex.def on input line 99.

("C:\Program Files\MiKTeX 2.9\tex\latex\graphics-def\pdftex.def"
File: pdftex.def 2016/07/10 v0.06j Graphics/color for pdfTeX

("C:\Program Files\MiKTeX 2.9\tex\generic\oberdiek\infwarerr.sty"
Package: infwarerr 2016/05/16 v1.4 Providing info/warning/error messages (HO)
)
("C:\Program Files\MiKTeX 2.9\tex\generic\oberdiek\ltxcmds.sty"
Package: ltxcmds 2016/05/16 v1.23 LaTeX kernel commands for general use (HO)
)
\Gread@gobject=\count105
))
\Gin@req@height=\dimen118
\Gin@req@width=\dimen119
)
(C:\Users\Andrzej\AppData\Roaming\MiKTeX\2.9\tex\latex\pgf\systemlayer\pgfsys.s
ty
(C:\Users\Andrzej\AppData\Roaming\MiKTeX\2.9\tex\generic\pgf\systemlayer\pgfsys
.code.tex
Package: pgfsys 2014/07/09 v3.0.1a (rcs-revision 1.48)

(C:\Users\Andrzej\AppData\Roaming\MiKTeX\2.9\tex\generic\pgf\utilities\pgfkeys.
code.tex
\pgfkeys@pathtoks=\toks25
\pgfkeys@temptoks=\toks26

(C:\Users\Andrzej\AppData\Roaming\MiKTeX\2.9\tex\generic\pgf\utilities\pgfkeysf
iltered.code.tex
\pgfkeys@tmptoks=\toks27
))
\pgf@x=\dimen120
\pgf@y=\dimen121
\pgf@xa=\dimen122
\pgf@ya=\dimen123
\pgf@xb=\dimen124
\pgf@yb=\dimen125
\pgf@xc=\dimen126
\pgf@yc=\dimen127
\w@pgf@writea=\write4
\r@pgf@reada=\read2
\c@pgf@counta=\count106
\c@pgf@countb=\count107
\c@pgf@countc=\count108
\c@pgf@countd=\count109
\t@pgf@toka=\toks28
\t@pgf@tokb=\toks29
\t@pgf@tokc=\toks30

(C:\Users\Andrzej\AppData\Roaming\MiKTeX\2.9\tex\generic\pgf\systemlayer\pgf.cf
g
File: pgf.cfg 2008/05/14  (rcs-revision 1.7)
)
Driver file for pgf: pgfsys-pdftex.def

(C:\Users\Andrzej\AppData\Roaming\MiKTeX\2.9\tex\generic\pgf\systemlayer\pgfsys
-pdftex.def
File: pgfsys-pdftex.def 2014/10/11  (rcs-revision 1.35)

(C:\Users\Andrzej\AppData\Roaming\MiKTeX\2.9\tex\generic\pgf\systemlayer\pgfsys
-common-pdf.def
File: pgfsys-common-pdf.def 2013/10/10  (rcs-revision 1.13)
)))
(C:\Users\Andrzej\AppData\Roaming\MiKTeX\2.9\tex\generic\pgf\systemlayer\pgfsys
softpath.code.tex
File: pgfsyssoftpath.code.tex 2013/09/09  (rcs-revision 1.9)
\pgfsyssoftpath@smallbuffer@items=\count110
\pgfsyssoftpath@bigbuffer@items=\count111
)
(C:\Users\Andrzej\AppData\Roaming\MiKTeX\2.9\tex\generic\pgf\systemlayer\pgfsys
protocol.code.tex
File: pgfsysprotocol.code.tex 2006/10/16  (rcs-revision 1.4)
))
(C:\Users\Andrzej\AppData\Roaming\MiKTeX\2.9\tex\latex\xcolor\xcolor.sty
Package: xcolor 2016/05/11 v2.12 LaTeX color extensions (UK)

("C:\Program Files\MiKTeX 2.9\tex\latex\00miktex\color.cfg"
File: color.cfg 2016/01/02 v1.6 sample color configuration
)
Package xcolor Info: Driver file: pdftex.def on input line 225.
Package xcolor Info: Model `cmy' substituted by `cmy0' on input line 1348.
Package xcolor Info: Model `hsb' substituted by `rgb' on input line 1352.
Package xcolor Info: Model `RGB' extended on input line 1364.
Package xcolor Info: Model `HTML' substituted by `rgb' on input line 1366.
Package xcolor Info: Model `Hsb' substituted by `hsb' on input line 1367.
Package xcolor Info: Model `tHsb' substituted by `hsb' on input line 1368.
Package xcolor Info: Model `HSB' substituted by `hsb' on input line 1369.
Package xcolor Info: Model `Gray' substituted by `gray' on input line 1370.
Package xcolor Info: Model `wave' substituted by `hsb' on input line 1371.
)
(C:\Users\Andrzej\AppData\Roaming\MiKTeX\2.9\tex\generic\pgf\basiclayer\pgfcore
.code.tex
Package: pgfcore 2010/04/11 v3.0.1a (rcs-revision 1.7)

(C:\Users\Andrzej\AppData\Roaming\MiKTeX\2.9\tex\generic\pgf\math\pgfmath.code.
tex
(C:\Users\Andrzej\AppData\Roaming\MiKTeX\2.9\tex\generic\pgf\math\pgfmathcalc.c
ode.tex
(C:\Users\Andrzej\AppData\Roaming\MiKTeX\2.9\tex\generic\pgf\math\pgfmathutil.c
ode.tex)
(C:\Users\Andrzej\AppData\Roaming\MiKTeX\2.9\tex\generic\pgf\math\pgfmathparser
.code.tex
\pgfmath@dimen=\dimen128
\pgfmath@count=\count112
\pgfmath@box=\box32
\pgfmath@toks=\toks31
\pgfmath@stack@operand=\toks32
\pgfmath@stack@operation=\toks33
)
(C:\Users\Andrzej\AppData\Roaming\MiKTeX\2.9\tex\generic\pgf\math\pgfmathfuncti
ons.code.tex
(C:\Users\Andrzej\AppData\Roaming\MiKTeX\2.9\tex\generic\pgf\math\pgfmathfuncti
ons.basic.code.tex)
(C:\Users\Andrzej\AppData\Roaming\MiKTeX\2.9\tex\generic\pgf\math\pgfmathfuncti
ons.trigonometric.code.tex)
(C:\Users\Andrzej\AppData\Roaming\MiKTeX\2.9\tex\generic\pgf\math\pgfmathfuncti
ons.random.code.tex)
(C:\Users\Andrzej\AppData\Roaming\MiKTeX\2.9\tex\generic\pgf\math\pgfmathfuncti
ons.comparison.code.tex)
(C:\Users\Andrzej\AppData\Roaming\MiKTeX\2.9\tex\generic\pgf\math\pgfmathfuncti
ons.base.code.tex)
(C:\Users\Andrzej\AppData\Roaming\MiKTeX\2.9\tex\generic\pgf\math\pgfmathfuncti
ons.round.code.tex)
(C:\Users\Andrzej\AppData\Roaming\MiKTeX\2.9\tex\generic\pgf\math\pgfmathfuncti
ons.misc.code.tex)
(C:\Users\Andrzej\AppData\Roaming\MiKTeX\2.9\tex\generic\pgf\math\pgfmathfuncti
ons.integerarithmetics.code.tex)))
(C:\Users\Andrzej\AppData\Roaming\MiKTeX\2.9\tex\generic\pgf\math\pgfmathfloat.
code.tex
\c@pgfmathroundto@lastzeros=\count113
))
(C:\Users\Andrzej\AppData\Roaming\MiKTeX\2.9\tex\generic\pgf\basiclayer\pgfcore
points.code.tex
File: pgfcorepoints.code.tex 2013/10/07  (rcs-revision 1.27)
\pgf@picminx=\dimen129
\pgf@picmaxx=\dimen130
\pgf@picminy=\dimen131
\pgf@picmaxy=\dimen132
\pgf@pathminx=\dimen133
\pgf@pathmaxx=\dimen134
\pgf@pathminy=\dimen135
\pgf@pathmaxy=\dimen136
\pgf@xx=\dimen137
\pgf@xy=\dimen138
\pgf@yx=\dimen139
\pgf@yy=\dimen140
\pgf@zx=\dimen141
\pgf@zy=\dimen142
)
(C:\Users\Andrzej\AppData\Roaming\MiKTeX\2.9\tex\generic\pgf\basiclayer\pgfcore
pathconstruct.code.tex
File: pgfcorepathconstruct.code.tex 2013/10/07  (rcs-revision 1.29)
\pgf@path@lastx=\dimen143
\pgf@path@lasty=\dimen144
)
(C:\Users\Andrzej\AppData\Roaming\MiKTeX\2.9\tex\generic\pgf\basiclayer\pgfcore
pathusage.code.tex
File: pgfcorepathusage.code.tex 2014/11/02  (rcs-revision 1.24)
\pgf@shorten@end@additional=\dimen145
\pgf@shorten@start@additional=\dimen146
)
(C:\Users\Andrzej\AppData\Roaming\MiKTeX\2.9\tex\generic\pgf\basiclayer\pgfcore
scopes.code.tex
File: pgfcorescopes.code.tex 2015/05/08  (rcs-revision 1.46)
\pgfpic=\box33
\pgf@hbox=\box34
\pgf@layerbox@main=\box35
\pgf@picture@serial@count=\count114
)
(C:\Users\Andrzej\AppData\Roaming\MiKTeX\2.9\tex\generic\pgf\basiclayer\pgfcore
graphicstate.code.tex
File: pgfcoregraphicstate.code.tex 2014/11/02  (rcs-revision 1.12)
\pgflinewidth=\dimen147
)
(C:\Users\Andrzej\AppData\Roaming\MiKTeX\2.9\tex\generic\pgf\basiclayer\pgfcore
transformations.code.tex
File: pgfcoretransformations.code.tex 2015/08/07  (rcs-revision 1.20)
\pgf@pt@x=\dimen148
\pgf@pt@y=\dimen149
\pgf@pt@temp=\dimen150
)
(C:\Users\Andrzej\AppData\Roaming\MiKTeX\2.9\tex\generic\pgf\basiclayer\pgfcore
quick.code.tex
File: pgfcorequick.code.tex 2008/10/09  (rcs-revision 1.3)
)
(C:\Users\Andrzej\AppData\Roaming\MiKTeX\2.9\tex\generic\pgf\basiclayer\pgfcore
objects.code.tex
File: pgfcoreobjects.code.tex 2006/10/11  (rcs-revision 1.2)
)
(C:\Users\Andrzej\AppData\Roaming\MiKTeX\2.9\tex\generic\pgf\basiclayer\pgfcore
pathprocessing.code.tex
File: pgfcorepathprocessing.code.tex 2013/09/09  (rcs-revision 1.9)
)
(C:\Users\Andrzej\AppData\Roaming\MiKTeX\2.9\tex\generic\pgf\basiclayer\pgfcore
arrows.code.tex
File: pgfcorearrows.code.tex 2015/05/14  (rcs-revision 1.43)
\pgfarrowsep=\dimen151
)
(C:\Users\Andrzej\AppData\Roaming\MiKTeX\2.9\tex\generic\pgf\basiclayer\pgfcore
shade.code.tex
File: pgfcoreshade.code.tex 2013/07/15  (rcs-revision 1.15)
\pgf@max=\dimen152
\pgf@sys@shading@range@num=\count115
)
(C:\Users\Andrzej\AppData\Roaming\MiKTeX\2.9\tex\generic\pgf\basiclayer\pgfcore
image.code.tex
File: pgfcoreimage.code.tex 2013/07/15  (rcs-revision 1.18)

(C:\Users\Andrzej\AppData\Roaming\MiKTeX\2.9\tex\generic\pgf\basiclayer\pgfcore
external.code.tex
File: pgfcoreexternal.code.tex 2014/07/09  (rcs-revision 1.21)
\pgfexternal@startupbox=\box36
))
(C:\Users\Andrzej\AppData\Roaming\MiKTeX\2.9\tex\generic\pgf\basiclayer\pgfcore
layers.code.tex
File: pgfcorelayers.code.tex 2013/07/18  (rcs-revision 1.7)
)
(C:\Users\Andrzej\AppData\Roaming\MiKTeX\2.9\tex\generic\pgf\basiclayer\pgfcore
transparency.code.tex
File: pgfcoretransparency.code.tex 2013/09/30  (rcs-revision 1.5)
)
(C:\Users\Andrzej\AppData\Roaming\MiKTeX\2.9\tex\generic\pgf\basiclayer\pgfcore
patterns.code.tex
File: pgfcorepatterns.code.tex 2013/11/07  (rcs-revision 1.5)
)))
(C:\Users\Andrzej\AppData\Roaming\MiKTeX\2.9\tex\generic\pgf\modules\pgfmodules
hapes.code.tex
File: pgfmoduleshapes.code.tex 2014/03/21  (rcs-revision 1.35)
\pgfnodeparttextbox=\box37
)
(C:\Users\Andrzej\AppData\Roaming\MiKTeX\2.9\tex\generic\pgf\modules\pgfmodulep
lot.code.tex
File: pgfmoduleplot.code.tex 2015/08/03  (rcs-revision 1.13)
)
(C:\Users\Andrzej\AppData\Roaming\MiKTeX\2.9\tex\latex\pgf\compatibility\pgfcom
p-version-0-65.sty
Package: pgfcomp-version-0-65 2007/07/03 v3.0.1a (rcs-revision 1.7)
\pgf@nodesepstart=\dimen153
\pgf@nodesepend=\dimen154
)
(C:\Users\Andrzej\AppData\Roaming\MiKTeX\2.9\tex\latex\pgf\compatibility\pgfcom
p-version-1-18.sty
Package: pgfcomp-version-1-18 2007/07/23 v3.0.1a (rcs-revision 1.1)
))
(C:\Users\Andrzej\AppData\Roaming\MiKTeX\2.9\tex\latex\pgf\utilities\pgffor.sty

(C:\Users\Andrzej\AppData\Roaming\MiKTeX\2.9\tex\latex\pgf\utilities\pgfkeys.st
y
(C:\Users\Andrzej\AppData\Roaming\MiKTeX\2.9\tex\generic\pgf\utilities\pgfkeys.
code.tex))
(C:\Users\Andrzej\AppData\Roaming\MiKTeX\2.9\tex\latex\pgf\math\pgfmath.sty
(C:\Users\Andrzej\AppData\Roaming\MiKTeX\2.9\tex\generic\pgf\math\pgfmath.code.
tex))
(C:\Users\Andrzej\AppData\Roaming\MiKTeX\2.9\tex\generic\pgf\utilities\pgffor.c
ode.tex
Package: pgffor 2013/12/13 v3.0.1a (rcs-revision 1.25)

(C:\Users\Andrzej\AppData\Roaming\MiKTeX\2.9\tex\generic\pgf\math\pgfmath.code.
tex)
\pgffor@iter=\dimen155
\pgffor@skip=\dimen156
\pgffor@stack=\toks34
\pgffor@toks=\toks35
))
(C:\Users\Andrzej\AppData\Roaming\MiKTeX\2.9\tex\generic\pgf\frontendlayer\tikz
\tikz.code.tex
Package: tikz 2015/08/07 v3.0.1a (rcs-revision 1.151)

(C:\Users\Andrzej\AppData\Roaming\MiKTeX\2.9\tex\generic\pgf\libraries\pgflibra
ryplothandlers.code.tex
File: pgflibraryplothandlers.code.tex 2013/08/31 v3.0.1a (rcs-revision 1.20)
\pgf@plot@mark@count=\count116
\pgfplotmarksize=\dimen157
)
\tikz@lastx=\dimen158
\tikz@lasty=\dimen159
\tikz@lastxsaved=\dimen160
\tikz@lastysaved=\dimen161
\tikzleveldistance=\dimen162
\tikzsiblingdistance=\dimen163
\tikz@figbox=\box38
\tikz@figbox@bg=\box39
\tikz@tempbox=\box40
\tikz@tempbox@bg=\box41
\tikztreelevel=\count117
\tikznumberofchildren=\count118
\tikznumberofcurrentchild=\count119
\tikz@fig@count=\count120

(C:\Users\Andrzej\AppData\Roaming\MiKTeX\2.9\tex\generic\pgf\modules\pgfmodulem
atrix.code.tex
File: pgfmodulematrix.code.tex 2013/09/17  (rcs-revision 1.8)
\pgfmatrixcurrentrow=\count121
\pgfmatrixcurrentcolumn=\count122
\pgf@matrix@numberofcolumns=\count123
)
\tikz@expandcount=\count124

(C:\Users\Andrzej\AppData\Roaming\MiKTeX\2.9\tex\generic\pgf\frontendlayer\tikz
\libraries\tikzlibrarytopaths.code.tex
File: tikzlibrarytopaths.code.tex 2008/06/17 v3.0.1a (rcs-revision 1.2)
)))
(C:\Users\Andrzej\AppData\Roaming\MiKTeX\2.9\tex\latex\quotchap\quotchap.sty
Package: quotchap 2012/10/20 v1.1 Decorative Chapter Headings with Quotes
\@quotebox=\box42
)
(C:\Users\Andrzej\AppData\Roaming\MiKTeX\2.9\tex\latex\titlesec\titlesec.sty
Package: titlesec 2016/03/21 v2.10.2 Sectioning titles
\ttl@box=\box43
\beforetitleunit=\skip55
\aftertitleunit=\skip56
\ttl@plus=\dimen164
\ttl@minus=\dimen165
\ttl@toksa=\toks36
\titlewidth=\dimen166
\titlewidthlast=\dimen167
\titlewidthfirst=\dimen168
))
(titlepage_moa.sty
Package: titlepage_moa 2009/08/31
) ("C:\Program Files\MiKTeX 2.9\tex\latex\amscls\amsthm.sty"
Package: amsthm 2015/03/04 v2.20.2
\thm@style=\toks37
\thm@bodyfont=\toks38
\thm@headfont=\toks39
\thm@notefont=\toks40
\thm@headpunct=\toks41
\thm@preskip=\skip57
\thm@postskip=\skip58
\thm@headsep=\skip59
\dth@everypar=\toks42
)
(C:\Users\Andrzej\AppData\Roaming\MiKTeX\2.9\tex\latex\mathdesign\mathdesign.st
y
Package: mathdesign 2013/08/29 v2.31 Math Design Project
 ("C:\Program Files\MiKTeX 2.9\tex\latex\base\ifthen.sty"
Package: ifthen 2014/09/29 v1.1c Standard LaTeX ifthen package (DPC)
)
(C:\Users\Andrzej\AppData\Roaming\MiKTeX\2.9\tex\latex\mathdesign\mdbch\mdbch.c
fg)
(C:\Users\Andrzej\AppData\Roaming\MiKTeX\2.9\tex\latex\mathdesign\mdbch\mdbch.s
ty
Package: mdbch 2013/08/29 v2.31 bitstream bitstream charter + mdbch (Math Desig
n Project)
 (C:\Users\Andrzej\AppData\Roaming\MiKTeX\2.9\tex\latex\mathdesign\mdfont.def
File: mdfont.def 2013/08/29 v2.31 (Math Design Project)
)
(C:\Users\Andrzej\AppData\Roaming\MiKTeX\2.9\tex\latex\mathdesign\mdsffont.def
File: mdsffont.def 2013/08/29 v2.31 (Math Design Project)
) (C:\Users\Andrzej\AppData\Roaming\MiKTeX\2.9\tex\latex\mathdesign\mdttfont.de
f
File: mdttfont.def 2013/08/29 v2.31 (Math Design Project)
)
\symmdcal=\mathgroup4
LaTeX Font Info:    Overwriting symbol font `mdcal' in version `bold'
(Font)                  OMS/mdbch/m/n --> OMS/mdbch/b/n on input line 97.
\symmdscr=\mathgroup5
LaTeX Font Info:    Overwriting symbol font `mdscr' in version `bold'
(Font)                  OMS/mdbch/m/n --> OMS/mdbch/b/n on input line 103.
LaTeX Font Info:    Overwriting math alphabet `\mathfrak' in version `bold'
(Font)                  U/xmdeuf/m/n --> U/xmdeuf/b/n on input line 110.
LaTeX Font Info:    Overwriting symbol font `operators' in version `normal'
(Font)                  OT1/cmr/m/n --> OT1/mdbch/m/n on input line 121.
LaTeX Font Info:    Overwriting symbol font `letters' in version `normal'
(Font)                  OML/cmm/m/it --> OML/mdbch/m/it on input line 122.
LaTeX Font Info:    Overwriting symbol font `symbols' in version `normal'
(Font)                  OMS/cmsy/m/n --> OMS/mdbch/m/n on input line 123.
LaTeX Font Info:    Overwriting symbol font `largesymbols' in version `normal'
(Font)                  OMX/cmex/m/n --> OMX/mdbch/m/n on input line 124.
LaTeX Font Info:    Overwriting symbol font `operators' in version `bold'
(Font)                  OT1/cmr/bx/n --> OT1/mdbch/b/n on input line 126.
LaTeX Font Info:    Overwriting symbol font `letters' in version `bold'
(Font)                  OML/cmm/b/it --> OML/mdbch/b/it on input line 127.
LaTeX Font Info:    Overwriting symbol font `symbols' in version `bold'
(Font)                  OMS/cmsy/b/n --> OMS/mdbch/b/n on input line 128.
LaTeX Font Info:    Overwriting symbol font `largesymbols' in version `bold'
(Font)                  OMX/cmex/m/n --> OMX/mdbch/b/n on input line 129.
LaTeX Font Info:    Overwriting math alphabet `\mathrm' in version `normal'
(Font)                  OT1/mdbch/m/n --> OT1/mdbch/m/n on input line 131.
LaTeX Font Info:    Overwriting math alphabet `\mathbf' in version `normal'
(Font)                  OT1/cmr/bx/n --> OT1/mdbch/b/n on input line 132.
LaTeX Font Info:    Overwriting math alphabet `\mathit' in version `normal'
(Font)                  OT1/cmr/m/it --> OT1/mdbch/m/it on input line 133.
LaTeX Font Info:    Overwriting math alphabet `\mathsf' in version `normal'
(Font)                  OT1/cmss/m/n --> OT1/cmss/m/n on input line 134.
LaTeX Font Info:    Overwriting math alphabet `\mathtt' in version `normal'
(Font)                  OT1/cmtt/m/n --> OT1/cmtt/m/n on input line 135.
LaTeX Font Info:    Overwriting math alphabet `\mathrm' in version `bold'
(Font)                  OT1/mdbch/b/n --> OT1/mdbch/b/n on input line 137.
LaTeX Font Info:    Overwriting math alphabet `\mathbf' in version `bold'
(Font)                  OT1/cmr/bx/n --> OT1/mdbch/b/n on input line 138.
LaTeX Font Info:    Overwriting math alphabet `\mathit' in version `bold'
(Font)                  OT1/cmr/bx/it --> OT1/mdbch/b/it on input line 139.
LaTeX Font Info:    Overwriting math alphabet `\mathsf' in version `bold'
(Font)                  OT1/cmss/bx/n --> OT1/cmss/b/n on input line 140.
LaTeX Font Info:    Overwriting math alphabet `\mathtt' in version `bold'
(Font)                  OT1/cmtt/m/n --> OT1/cmtt/b/n on input line 141.
\symlettersupright=\mathgroup6
LaTeX Font Info:    Overwriting symbol font `lettersupright' in version `bold'
(Font)                  OML/mdbch/m/n --> OML/mdbch/b/n on input line 144.
LaTeX Font Info:    Redeclaring math alphabet \mathrm on input line 145.
LaTeX Font Info:    Overwriting math alphabet `\mathcal' in version `normal'
(Font)                  OMS/mdbch/m/n --> OMS/mdbch/m/n on input line 167.
 ("C:\Program Files\MiKTeX 2.9\tex\latex\xkeyval\xkeyval.sty"
Package: xkeyval 2014/12/03 v2.7a package option processing (HA)

("C:\Program Files\MiKTeX 2.9\tex\generic\xkeyval\xkeyval.tex"
("C:\Program Files\MiKTeX 2.9\tex\generic\xkeyval\xkvutils.tex"
\XKV@toks=\toks43
\XKV@tempa@toks=\toks44
)
\XKV@depth=\count125
File: xkeyval.tex 2014/12/03 v2.7a key=value parser (HA)
))
LaTeX Font Info:    Try loading font information for OT1+mdbch on input line 18
6.

(C:\Users\Andrzej\AppData\Roaming\MiKTeX\2.9\tex\latex\mathdesign\mdbch\ot1mdbc
h.fd
File: ot1mdbch.fd 2013/08/29 Fontinst v1.933 font definitions for OT1/mdbch.
)
LaTeX Font Info:    Font shape `OT1/mdbch/m/n' will be
(Font)              scaled to size 11.52008pt on input line 186.
LaTeX Font Info:    Redeclaring math accent \widetilde on input line 449.
LaTeX Font Info:    Redeclaring math accent \widehat on input line 450.
\symmathdesignA=\mathgroup7
LaTeX Font Info:    Overwriting symbol font `mathdesignA' in version `bold'
(Font)                  MDA/mdbch/m/n --> MDA/mdbch/b/n on input line 491.
\symmathdesignB=\mathgroup8
LaTeX Font Info:    Overwriting symbol font `mathdesignB' in version `bold'
(Font)                  MDB/mdbch/m/n --> MDB/mdbch/b/n on input line 498.
LaTeX Font Info:    Redeclaring math accent \widetilde on input line 532.
LaTeX Font Info:    Redeclaring math accent \widehat on input line 533.
\rulethickness=\skip60
) ("C:\Program Files\MiKTeX 2.9\tex\latex\base\fontenc.sty"
Package: fontenc 2016/06/19 v1.99m Standard LaTeX package

("C:\Program Files\MiKTeX 2.9\tex\latex\base\t1enc.def"
File: t1enc.def 2016/06/19 v1.99m Standard LaTeX file
LaTeX Font Info:    Redeclaring font encoding T1 on input line 48.
)
LaTeX Font Info:    Try loading font information for T1+mdbch on input line 105
.

(C:\Users\Andrzej\AppData\Roaming\MiKTeX\2.9\tex\latex\mathdesign\mdbch\t1mdbch
.fd
File: t1mdbch.fd 2013/08/29 Fontinst v1.933 font definitions for T1/mdbch.
)
LaTeX Font Info:    Font shape `T1/mdbch/m/n' will be
(Font)              scaled to size 11.52008pt on input line 105.
))
(C:\Users\Andrzej\AppData\Roaming\MiKTeX\2.9\tex\latex\listings\listings.sty
\lst@mode=\count126
\lst@gtempboxa=\box44
\lst@token=\toks45
\lst@length=\count127
\lst@currlwidth=\dimen169
\lst@column=\count128
\lst@pos=\count129
\lst@lostspace=\dimen170
\lst@width=\dimen171
\lst@newlines=\count130
\lst@lineno=\count131
\lst@maxwidth=\dimen172

(C:\Users\Andrzej\AppData\Roaming\MiKTeX\2.9\tex\latex\listings\lstmisc.sty
File: lstmisc.sty 2015/06/04 1.6 (Carsten Heinz)
\c@lstnumber=\count132
\lst@skipnumbers=\count133
\lst@framebox=\box45
)
(C:\Users\Andrzej\AppData\Roaming\MiKTeX\2.9\tex\latex\listings\listings.cfg
File: listings.cfg 2015/06/04 1.6 listings configuration
))
Package: listings 2015/06/04 1.6 (Carsten Heinz)

("C:\Program Files\MiKTeX 2.9\tex\latex\oberdiek\epstopdf.sty"
Package: epstopdf 2016/05/15 v2.6 Conversion with epstopdf on the fly (HO)

("C:\Program Files\MiKTeX 2.9\tex\latex\oberdiek\epstopdf-base.sty"
Package: epstopdf-base 2016/05/15 v2.6 Base part for package epstopdf

("C:\Program Files\MiKTeX 2.9\tex\latex\oberdiek\grfext.sty"
Package: grfext 2016/05/16 v1.2 Manage graphics extensions (HO)

("C:\Program Files\MiKTeX 2.9\tex\generic\oberdiek\kvdefinekeys.sty"
Package: kvdefinekeys 2016/05/16 v1.4 Define keys (HO)
))
("C:\Program Files\MiKTeX 2.9\tex\latex\oberdiek\kvoptions.sty"
Package: kvoptions 2016/05/16 v3.12 Key value format for package options (HO)

("C:\Program Files\MiKTeX 2.9\tex\generic\oberdiek\kvsetkeys.sty"
Package: kvsetkeys 2016/05/16 v1.17 Key value parser (HO)

("C:\Program Files\MiKTeX 2.9\tex\generic\oberdiek\etexcmds.sty"
Package: etexcmds 2016/05/16 v1.6 Avoid name clashes with e-TeX commands (HO)

("C:\Program Files\MiKTeX 2.9\tex\generic\oberdiek\ifluatex.sty"
Package: ifluatex 2016/05/16 v1.4 Provides the ifluatex switch (HO)
Package ifluatex Info: LuaTeX not detected.
)
Package etexcmds Info: Could not find \expanded.
(etexcmds)             That can mean that you are not using pdfTeX 1.50 or
(etexcmds)             that some package has redefined \expanded.
(etexcmds)             In the latter case, load this package earlier.
)))
("C:\Program Files\MiKTeX 2.9\tex\generic\oberdiek\pdftexcmds.sty"
Package: pdftexcmds 2016/05/21 v0.22 Utility functions of pdfTeX for LuaTeX (HO
)

("C:\Program Files\MiKTeX 2.9\tex\generic\oberdiek\ifpdf.sty"
Package: ifpdf 2016/05/14 v3.1 Provides the ifpdf switch
)
Package pdftexcmds Info: LuaTeX not detected.
Package pdftexcmds Info: \pdf@primitive is available.
Package pdftexcmds Info: \pdf@ifprimitive is available.
Package pdftexcmds Info: \pdfdraftmode found.
)
Package epstopdf-base Info: Redefining graphics rule for `.eps' on input line 4
38.
Package grfext Info: Graphics extension search list:
(grfext)             [.png,.pdf,.jpg,.mps,.jpeg,.jbig2,.jb2,.PNG,.PDF,.JPG,.JPE
G,.JBIG2,.JB2,.eps]
(grfext)             \AppendGraphicsExtensions on input line 456.
))
("C:\Program Files\MiKTeX 2.9\tex\latex\hyperref\hyperref.sty"
Package: hyperref 2016/06/24 v6.83q Hypertext links for LaTeX

("C:\Program Files\MiKTeX 2.9\tex\generic\oberdiek\hobsub-hyperref.sty"
Package: hobsub-hyperref 2016/05/16 v1.14 Bundle oberdiek, subset hyperref (HO)


("C:\Program Files\MiKTeX 2.9\tex\generic\oberdiek\hobsub-generic.sty"
Package: hobsub-generic 2016/05/16 v1.14 Bundle oberdiek, subset generic (HO)
Package: hobsub 2016/05/16 v1.14 Construct package bundles (HO)
Package hobsub Info: Skipping package `infwarerr' (already loaded).
Package hobsub Info: Skipping package `ltxcmds' (already loaded).
Package hobsub Info: Skipping package `ifluatex' (already loaded).
Package: ifvtex 2016/05/16 v1.6 Detect VTeX and its facilities (HO)
Package ifvtex Info: VTeX not detected.
Package: intcalc 2016/05/16 v1.2 Expandable calculations with integers (HO)
Package hobsub Info: Skipping package `ifpdf' (already loaded).
Package hobsub Info: Skipping package `etexcmds' (already loaded).
Package hobsub Info: Skipping package `kvsetkeys' (already loaded).
Package hobsub Info: Skipping package `kvdefinekeys' (already loaded).
Package hobsub Info: Skipping package `pdftexcmds' (already loaded).
Package: pdfescape 2016/05/16 v1.14 Implements pdfTeX's escape features (HO)
Package: bigintcalc 2016/05/16 v1.4 Expandable calculations on big integers (HO
)
Package: bitset 2016/05/16 v1.2 Handle bit-vector datatype (HO)
Package: uniquecounter 2016/05/16 v1.3 Provide unlimited unique counter (HO)
)
Package hobsub Info: Skipping package `hobsub' (already loaded).
Package: letltxmacro 2016/05/16 v1.5 Let assignment for LaTeX macros (HO)
Package: hopatch 2016/05/16 v1.3 Wrapper for package hooks (HO)
Package: xcolor-patch 2016/05/16 xcolor patch
Package: atveryend 2016/05/16 v1.9 Hooks at the very end of document (HO)
Package atveryend Info: \enddocument detected (standard20110627).
Package: atbegshi 2016/06/09 v1.18 At begin shipout hook (HO)
Package: refcount 2016/05/16 v3.5 Data extraction from label references (HO)
Package: hycolor 2016/05/16 v1.8 Color options for hyperref/bookmark (HO)
)
("C:\Program Files\MiKTeX 2.9\tex\generic\ifxetex\ifxetex.sty"
Package: ifxetex 2010/09/12 v0.6 Provides ifxetex conditional
)
("C:\Program Files\MiKTeX 2.9\tex\latex\oberdiek\auxhook.sty"
Package: auxhook 2016/05/16 v1.4 Hooks for auxiliary files (HO)
)
\@linkdim=\dimen173
\Hy@linkcounter=\count134
\Hy@pagecounter=\count135

("C:\Program Files\MiKTeX 2.9\tex\latex\hyperref\pd1enc.def"
File: pd1enc.def 2016/06/24 v6.83q Hyperref: PDFDocEncoding definition (HO)
)
\Hy@SavedSpaceFactor=\count136

("C:\Program Files\MiKTeX 2.9\tex\latex\00miktex\hyperref.cfg"
File: hyperref.cfg 2002/06/06 v1.2 hyperref configuration of TeXLive
)
Package hyperref Info: Hyper figures OFF on input line 4486.
Package hyperref Info: Link nesting OFF on input line 4491.
Package hyperref Info: Hyper index ON on input line 4494.
Package hyperref Info: Plain pages OFF on input line 4501.
Package hyperref Info: Backreferencing OFF on input line 4506.
Package hyperref Info: Implicit mode ON; LaTeX internals redefined.
Package hyperref Info: Bookmarks ON on input line 4735.
\c@Hy@tempcnt=\count137

(C:\Users\Andrzej\AppData\Roaming\MiKTeX\2.9\tex\latex\url\url.sty
\Urlmuskip=\muskip11
Package: url 2013/09/16  ver 3.4  Verb mode for urls, etc.
)
LaTeX Info: Redefining \url on input line 5088.
\XeTeXLinkMargin=\dimen174
\Fld@menulength=\count138
\Field@Width=\dimen175
\Fld@charsize=\dimen176
Package hyperref Info: Hyper figures OFF on input line 6342.
Package hyperref Info: Link nesting OFF on input line 6347.
Package hyperref Info: Hyper index ON on input line 6350.
Package hyperref Info: backreferencing OFF on input line 6357.
Package hyperref Info: Link coloring OFF on input line 6362.
Package hyperref Info: Link coloring with OCG OFF on input line 6367.
Package hyperref Info: PDF/A mode OFF on input line 6372.
LaTeX Info: Redefining \ref on input line 6412.
LaTeX Info: Redefining \pageref on input line 6416.
\Hy@abspage=\count139
\c@Item=\count140
\c@Hfootnote=\count141
)

Package hyperref Message: Driver (autodetected): hpdftex.

("C:\Program Files\MiKTeX 2.9\tex\latex\hyperref\hpdftex.def"
File: hpdftex.def 2016/06/24 v6.83q Hyperref driver for pdfTeX
\Fld@listcount=\count142
\c@bookmark@seq@number=\count143

("C:\Program Files\MiKTeX 2.9\tex\latex\oberdiek\rerunfilecheck.sty"
Package: rerunfilecheck 2016/05/16 v1.8 Rerun checks for auxiliary files (HO)
Package uniquecounter Info: New unique counter `rerunfilecheck' on input line 2
82.
)
\Hy@SectionHShift=\skip61
)
(C:\Users\Andrzej\AppData\Roaming\MiKTeX\2.9\tex\latex\algorithms\algorithm.sty
Package: algorithm 2009/08/24 v0.1 Document Style `algorithm' - floating enviro
nment
("C:\Program Files\MiKTeX 2.9\tex\latex\float\float.sty"
Package: float 2001/11/08 v1.3d Float enhancements (AL)
\c@float@type=\count144
\float@exts=\toks46
\float@box=\box46
\@float@everytoks=\toks47
\@floatcapt=\box47
)
\@float@every@algorithm=\toks48
\c@algorithm=\count145
)
(C:\Users\Andrzej\AppData\Roaming\MiKTeX\2.9\tex\latex\algorithms\algorithmic.s
ty
Package: algorithmic 2009/08/24 v0.1 Document Style `algorithmic'
\c@ALC@unique=\count146
\c@ALC@line=\count147
\c@ALC@rem=\count148
\c@ALC@depth=\count149
\ALC@tlm=\skip62
\algorithmicindent=\skip63
)

Package hyperref Warning: Option `bookmarks' has already been used,
(hyperref)                setting the option has no effect on input line 35.

Package hyperref Info: Option `unicode' set `false' on input line 35.
Package hyperref Info: Option `pdftoolbar' set `true' on input line 35.
Package hyperref Info: Option `pdfmenubar' set `true' on input line 35.
Package hyperref Info: Option `pdffitwindow' set `false' on input line 35.
Package hyperref Info: Option `pdfnewwindow' set `true' on input line 35.
Package hyperref Info: Option `colorlinks' set `true' on input line 35.
\c@definition=\count150
(Manual.aux

LaTeX Warning: Label `lst:fullclassifier' multiply defined.


LaTeX Warning: Label `hulten-mining' multiply defined.


LaTeX Warning: Label `oza01online' multiply defined.


LaTeX Warning: Label `ensemble' multiply defined.


LaTeX Warning: Label `Gama' multiply defined.


LaTeX Warning: Label `EDDM' multiply defined.

)
\openout1 = `Manual.aux'.

LaTeX Font Info:    Checking defaults for OML/cmm/m/it on input line 45.
LaTeX Font Info:    ... okay on input line 45.
LaTeX Font Info:    Checking defaults for T1/cmr/m/n on input line 45.
LaTeX Font Info:    ... okay on input line 45.
LaTeX Font Info:    Checking defaults for OT1/cmr/m/n on input line 45.
LaTeX Font Info:    ... okay on input line 45.
LaTeX Font Info:    Checking defaults for OMS/cmsy/m/n on input line 45.
LaTeX Font Info:    ... okay on input line 45.
LaTeX Font Info:    Checking defaults for OMX/cmex/m/n on input line 45.
LaTeX Font Info:    ... okay on input line 45.
LaTeX Font Info:    Checking defaults for U/cmr/m/n on input line 45.
LaTeX Font Info:    ... okay on input line 45.
LaTeX Font Info:    Checking defaults for MDA/cmr/m/n on input line 45.
LaTeX Font Info:    Try loading font information for MDA+cmr on input line 45.
 (C:\Users\Andrzej\AppData\Roaming\MiKTeX\2.9\tex\latex\mathdesign\mdacmr.fd
File: mdacmr.fd 
)
LaTeX Font Info:    ... okay on input line 45.
LaTeX Font Info:    Checking defaults for MDB/cmr/m/n on input line 45.
LaTeX Font Info:    Try loading font information for MDB+cmr on input line 45.

(C:\Users\Andrzej\AppData\Roaming\MiKTeX\2.9\tex\latex\mathdesign\mdbcmr.fd
File: mdbcmr.fd 
)
LaTeX Font Info:    ... okay on input line 45.
LaTeX Font Info:    Checking defaults for PD1/pdf/m/n on input line 45.
LaTeX Font Info:    ... okay on input line 45.

ABD: EveryShipout initializing macros
(C:\Users\Andrzej\AppData\Roaming\MiKTeX\2.9\tex\context\base\supp-pdf.mkii
[Loading MPS to PDF converter (version 2006.09.02).]
\scratchcounter=\count151
\scratchdimen=\dimen177
\scratchbox=\box48
\nofMPsegments=\count152
\nofMParguments=\count153
\everyMPshowfont=\toks49
\MPscratchCnt=\count154
\MPscratchDim=\dimen178
\MPnumerator=\count155
\makeMPintoPDFobject=\count156
\everyMPtoPDFconversion=\toks50
)
\c@lstlisting=\count157
\AtBeginShipoutBox=\box49
Package hyperref Info: Link coloring ON on input line 45.
 ("C:\Program Files\MiKTeX 2.9\tex\latex\hyperref\nameref.sty"
Package: nameref 2016/05/21 v2.44 Cross-referencing by name of section

("C:\Program Files\MiKTeX 2.9\tex\generic\oberdiek\gettitlestring.sty"
Package: gettitlestring 2016/05/16 v1.5 Cleanup title references (HO)
)
\c@section@level=\count158
)
LaTeX Info: Redefining \ref on input line 45.
LaTeX Info: Redefining \pageref on input line 45.
LaTeX Info: Redefining \nameref on input line 45.

(Manual.out) (Manual.out)
\@outlinefile=\write5
\openout5 = `Manual.out'.


(C:\Users\Andrzej\AppData\Roaming\MiKTeX\2.9\tex\latex\listings\lstlang1.sty
File: lstlang1.sty 2015/06/04 1.6 listings language file
)
<figures/LogoMOA.jpg, id=310, 237.88875pt x 118.19156pt>
File: figures/LogoMOA.jpg Graphic file (type jpg)

<use figures/LogoMOA.jpg>
Package pdftex.def Info: figures/LogoMOA.jpg used on input line 50.
(pdftex.def)             Requested size: 171.80609pt x 85.35826pt.

<figures/Waikato.jpg, id=311, 322.0833pt x 124.5453pt>
File: figures/Waikato.jpg Graphic file (type jpg)

<use figures/Waikato.jpg>
Package pdftex.def Info: figures/Waikato.jpg used on input line 50.
(pdftex.def)             Requested size: 294.33473pt x 113.81102pt.
LaTeX Font Info:    Font shape `T1/mdbch/m/n' will be
(Font)              scaled to size 23.88496pt on input line 50.
LaTeX Font Info:    Font shape `T1/mdbch/b/n' will be
(Font)              scaled to size 23.88496pt on input line 50.
LaTeX Font Info:    Try loading font information for T1+bch on input line 50.

("C:\Program Files\MiKTeX 2.9\tex\latex\psnfss\t1bch.fd"
File: t1bch.fd 2004/10/18 font definitions for T1/bch.
)
LaTeX Font Info:    Font shape `T1/mdbch/m/n' will be
(Font)              scaled to size 16.58891pt on input line 50.

<figures/cosi_logo.png, id=312, 224.84pt x 46.574pt>
File: figures/cosi_logo.png Graphic file (type png)

<use figures/cosi_logo.png>
Package pdftex.def Info: figures/cosi_logo.png used on input line 50.
(pdftex.def)             Requested size: 137.36147pt x 28.45274pt.
 [1


Non-PDF special ignored!
Non-PDF special ignored!{C:/Users/Andrzej/AppData/Local/MiKTeX/2.9/pdftex/confi
g/pdftex.map} <./figures/LogoMOA.jpg> <./figures/Waikato.jpg> <./figures/cosi_l
ogo.png>] [2

]
LaTeX Font Info:    Try loading font information for T1+put on input line 57.
 ("C:\Program Files\MiKTeX 2.9\tex\latex\psnfss\t1put.fd"
File: t1put.fd 2001/06/04 font definitions for T1/put.
)
(Manual.toc
LaTeX Font Info:    Font shape `T1/mdbch/b/n' will be
(Font)              scaled to size 11.52008pt on input line 1.
LaTeX Font Info:    Font shape `OT1/mdbch/m/n' will be
(Font)              scaled to size 7.68005pt on input line 2.
LaTeX Font Info:    Font shape `OT1/mdbch/m/n' will be
(Font)              scaled to size 5.76004pt on input line 2.
LaTeX Font Info:    Try loading font information for OML+mdbch on input line 2.


(C:\Users\Andrzej\AppData\Roaming\MiKTeX\2.9\tex\latex\mathdesign\mdbch\omlmdbc
h.fd
File: omlmdbch.fd 2013/08/29 Fontinst v1.933 font definitions for OML/mdbch.
)
LaTeX Font Info:    Font shape `OML/mdbch/m/it' will be
(Font)              scaled to size 11.52008pt on input line 2.
LaTeX Font Info:    Font shape `OML/mdbch/m/it' will be
(Font)              scaled to size 7.68005pt on input line 2.
LaTeX Font Info:    Font shape `OML/mdbch/m/it' will be
(Font)              scaled to size 5.76004pt on input line 2.
LaTeX Font Info:    Try loading font information for OMS+mdbch on input line 2.


(C:\Users\Andrzej\AppData\Roaming\MiKTeX\2.9\tex\latex\mathdesign\mdbch\omsmdbc
h.fd
File: omsmdbch.fd 2013/08/29 Fontinst v1.933 font definitions for OMS/mdbch.
)
LaTeX Font Info:    Font shape `OMS/mdbch/m/n' will be
(Font)              scaled to size 11.52008pt on input line 2.
LaTeX Font Info:    Font shape `OMS/mdbch/m/n' will be
(Font)              scaled to size 7.68005pt on input line 2.
LaTeX Font Info:    Font shape `OMS/mdbch/m/n' will be
(Font)              scaled to size 5.76004pt on input line 2.
LaTeX Font Info:    Try loading font information for OMX+mdbch on input line 2.


(C:\Users\Andrzej\AppData\Roaming\MiKTeX\2.9\tex\latex\mathdesign\mdbch\omxmdbc
h.fd
File: omxmdbch.fd 2013/08/29 Fontinst v1.933 font definitions for OMX/mdbch.
)
LaTeX Font Info:    Font shape `OMX/mdbch/m/n' will be
(Font)              scaled to size 11.52008pt on input line 2.
LaTeX Font Info:    Font shape `OMX/mdbch/m/n' will be
(Font)              scaled to size 7.68005pt on input line 2.
LaTeX Font Info:    Font shape `OMX/mdbch/m/n' will be
(Font)              scaled to size 5.76004pt on input line 2.
LaTeX Font Info:    Font shape `OML/mdbch/m/n' will be
(Font)              scaled to size 11.52008pt on input line 2.
LaTeX Font Info:    Font shape `OML/mdbch/m/n' will be
(Font)              scaled to size 7.68005pt on input line 2.
LaTeX Font Info:    Font shape `OML/mdbch/m/n' will be
(Font)              scaled to size 5.76004pt on input line 2.
LaTeX Font Info:    Try loading font information for MDA+mdbch on input line 2.


(C:\Users\Andrzej\AppData\Roaming\MiKTeX\2.9\tex\latex\mathdesign\mdbch\mdamdbc
h.fd
File: mdamdbch.fd 2013/08/29 Fontinst v1.933 font definitions for MDA/mdbch.
)
LaTeX Font Info:    Font shape `MDA/mdbch/m/n' will be
(Font)              scaled to size 11.52008pt on input line 2.
LaTeX Font Info:    Font shape `MDA/mdbch/m/n' will be
(Font)              scaled to size 7.68005pt on input line 2.
LaTeX Font Info:    Font shape `MDA/mdbch/m/n' will be
(Font)              scaled to size 5.76004pt on input line 2.
LaTeX Font Info:    Try loading font information for MDB+mdbch on input line 2.


(C:\Users\Andrzej\AppData\Roaming\MiKTeX\2.9\tex\latex\mathdesign\mdbch\mdbmdbc
h.fd
File: mdbmdbch.fd 2013/08/29 Fontinst v1.933 font definitions for MDB/mdbch.
)
LaTeX Font Info:    Font shape `MDB/mdbch/m/n' will be
(Font)              scaled to size 11.52008pt on input line 2.
LaTeX Font Info:    Font shape `MDB/mdbch/m/n' will be
(Font)              scaled to size 7.68005pt on input line 2.
LaTeX Font Info:    Font shape `MDB/mdbch/m/n' will be
(Font)              scaled to size 5.76004pt on input line 2.
 [1



Non-PDF special ignored!
Non-PDF special ignored!])
\tf@toc=\write6
\openout6 = `Manual.toc'.

LaTeX Font Info:    Try loading font information for T1+pag on input line 58.

("C:\Program Files\MiKTeX 2.9\tex\latex\psnfss\t1pag.fd"
File: t1pag.fd 2001/06/04 font definitions for T1/pag.
)
LaTeX Font Info:    Font shape `T1/pag/b/n' in size <12> not available
(Font)              Font shape `T1/pag/db/n' tried instead on input line 58.
 [2
Non-PDF special ignored!] [3
Non-PDF special ignored!
Non-PDF special ignored!] [4

]
Chapter 1.
File: figures/LogoMOA.jpg Graphic file (type jpg)
<use figures/LogoMOA.jpg>
Package pdftex.def Info: figures/LogoMOA.jpg used on input line 71.
(pdftex.def)             Requested size: 114.53738pt x 56.9055pt.
pdfTeX warning (ext4): destination with the same identifier (name{page.1}) has 
been already used, duplicate ignored
<to be read again> 
                   \relax 
l.97 \section{Data streams Evaluation}
                                       [1


Non-PDF special ignored!
Non-PDF special ignored!]
LaTeX Font Info:    Font shape `T1/pag/b/n' in size <17.28> not available
(Font)              Font shape `T1/pag/db/n' tried instead on input line 97.

<figures/Frame.pdf, id=424, 597.23125pt x 845.1575pt>
File: figures/Frame.pdf Graphic file (type pdf)
 <use figures/Frame.pdf>
Package pdftex.def Info: figures/Frame.pdf used on input line 109.
(pdftex.def)             Requested size: 180.9569pt x 256.0748pt.
pdfTeX warning (ext4): destination with the same identifier (name{page.2}) has 
been already used, duplicate ignored
<to be read again> 
                   \relax 
l.122 \item  T
              he algorithm processes the example, updating its data structur...
[2pdfTeX warning (ext4): destination with the same identifier (name{figure.1.1}
) has been already used, duplicate ignored

\@EveryShipout@Output ...@Org@Shipout \box \@cclv 
                                                  
l.122 \item  T
              he algorithm processes the example, updating its data structur...
Non-PDF special ignored! <./figures/Frame.pdf>] [3
Non-PDF special ignored!
Non-PDF special ignored!] [4
Non-PDF special ignored!]
Chapter 2.
LaTeX Font Info:    Font shape `T1/cmtt/m/n' will be
(Font)              scaled to size 12.86407pt on input line 212.

Overfull \hbox (7.08069pt too wide) in paragraph at lines 226--226
[]\T1/cmtt/m/n/12 java -Xmx4G -cp moa.jar -javaagent:sizeofag.jar moa.DoTask \[
] 
 []


Overfull \hbox (0.46268pt too wide) in paragraph at lines 230--230
[]\T1/cmtt/m/n/12 java -Xmx4G -cp moa.jar -javaagent:sizeofag.jar moa.gui.GUI[]
 
 []

[5


Non-PDF special ignored!
Non-PDF special ignored!]
Overfull \hbox (0.46268pt too wide) in paragraph at lines 250--250
[]  \T1/cmtt/m/n/12 -s generators.WaveformGenerator -m 1000000 -O model1.moa"[]
 
 []


Overfull \hbox (0.46268pt too wide) in paragraph at lines 265--265
[]  \T1/cmtt/m/n/12 -s generators.WaveformGenerator -m 1000000 -O model1.moa"[]
 
 []

[6

pdfTeX warning: pdflatex.exe: pop empty color page stack 0
Non-PDF special ignored!]
Chapter 3.

Overfull \hbox (0.46268pt too wide) in paragraph at lines 274--274
[]\T1/cmtt/m/n/12 java -Xmx4G -cp moa.jar -javaagent:sizeofag.jar moa.gui.GUI[]
 
 []

LaTeX Font Info:    Font shape `T1/mdbch/m/n' will be
(Font)              scaled to size 13.82408pt on input line 278.
LaTeX Font Info:    Font shape `T1/mdbch/b/n' will be
(Font)              scaled to size 13.82408pt on input line 278.
<figures/MOA_Task.png, id=456, 847.165pt x 738.76pt>
File: figures/MOA_Task.png Graphic file (type png)

<use figures/MOA_Task.png>
Package pdftex.def Info: figures/MOA_Task.png used on input line 282.
(pdftex.def)             Requested size: 195.76164pt x 170.71652pt.
 [7



pdfTeX warning: pdflatex.exe: pop empty color page stack 0


pdfTeX warning: pdflatex.exe: pop empty color page stack 0
pdfTeX warning (ext4): destination with the same identifier (name{figure.3.1}) 
has been already used, duplicate ignored

\@EveryShipout@Output ...@Org@Shipout \box \@cclv 
                                                  
l.288 N
       ote that the command line text box displayed at the top of the window...
Non-PDF special ignored!
Non-PDF special ignored! <./figures/MOA_Task.png>]
<figures/Configure_Task.pdf, id=464, 304.19347pt x 279.90672pt>
File: figures/Configure_Task.pdf Graphic file (type pdf)

<use figures/Configure_Task.pdf>
Package pdftex.def Info: figures/Configure_Task.pdf used on input line 295.
(pdftex.def)             Requested size: 185.53917pt x 170.71652pt.

Overfull \hbox (9.14568pt too wide) in paragraph at lines 314--315
[]\T1/mdbch/m/n/12 data gen-er-a-tors for stream clus-ter-ing on evolv-ing stre
ams (in-clud-ing events
 []

[8pdfTeX warning (ext4): destination with the same identifier (name{figure.3.2}
) has been already used, duplicate ignored

\@EveryShipout@Output ...@Org@Shipout \box \@cclv 
                                                  
l.316 	\item e
              valuation measures for stream clustering,

pdfTeX warning: pdflatex.exe: pop empty color page stack 0


pdfTeX warning: pdflatex.exe: pop empty color page stack 0
Non-PDF special ignored! <./figures/Configure_Task.pdf>]
<figures/SetupTab.pdf, id=477, 304.80072pt x 377.05467pt>
File: figures/SetupTab.pdf Graphic file (type pdf)

<use figures/SetupTab.pdf>
Package pdftex.def Info: figures/SetupTab.pdf used on input line 325.
(pdftex.def)             Requested size: 214.50119pt x 265.35179pt.
 [9pdfTeX warning (ext4): destination with the same identifier (name{figure.3.3
}) has been already used, duplicate ignored

\@EveryShipout@Output ...@Org@Shipout \box \@cclv 
                                                  
l.336 \subsubsection{Stream clustering algorithms}
                                                  

pdfTeX warning: pdflatex.exe: pop empty color page stack 0
Non-PDF special ignored!
Non-PDF special ignored! <./figures/SetupTab.pdf>]
Overfull \hbox (6.69185pt too wide) in paragraph at lines 347--350
[]\T1/mdbch/m/n/12 CluStream: It main-tains sta-tis-ti-cal in-for-ma-tion about
 the data us-ing micro-
 []

[10

pdfTeX warning: pdflatex.exe: pop empty color page stack 0


pdfTeX warning: pdflatex.exe: pop empty color page stack 0
Non-PDF special ignored!]

pdfTeX warning: pdflatex.exe (file ./figures/VisualTab.pdf): PDF inclusion: fou
nd PDF version <1.6>, but at most version <1.5> allowed
<figures/VisualTab.pdf, id=496, 746.248pt x 502.95903pt>
File: figures/VisualTab.pdf Graphic file (type pdf)

<use figures/VisualTab.pdf>
Package pdftex.def Info: figures/VisualTab.pdf used on input line 378.
(pdftex.def)             Requested size: 350.99762pt x 236.57497pt.
 [11pdfTeX warning (ext4): destination with the same identifier (name{figure.3.
4}) has been already used, duplicate ignored

\@EveryShipout@Output ...@Org@Shipout \box \@cclv 
                                                  
l.396 
      
Non-PDF special ignored!
Non-PDF special ignored! <./figures/VisualTab.pdf>]
LaTeX Font Info:    Font shape `T1/mdbch/m/n' will be
(Font)              scaled to size 9.60007pt on input line 406.
LaTeX Font Info:    Font shape `T1/cmtt/m/n' will be
(Font)              scaled to size 10.72006pt on input line 406.
 [12

pdfTeX warning: pdflatex.exe: pop empty color page stack 0
Non-PDF special ignored!]
LaTeX Font Info:    Font shape `T1/mdbch/m/it' will be
(Font)              scaled to size 11.52008pt on input line 442.

Overfull \hbox (15.11865pt too wide) in paragraph at lines 458--458
[]  \T1/cmtt/m/n/10 "EvaluatePeriodicHeldOutTest -l (OzaBag -l trees.HoeffdingT
ree -s 10)\[] 
 []


Overfull \hbox (1.88869pt too wide) in paragraph at lines 470--474
[]\T1/mdbch/m/n/12 An ex-am-ple of the Eval-u-ateIn-ter-leavedTest-Then-Train t
ask cre-at-ing a comma
 []


Overfull \hbox (24.07275pt too wide) in paragraph at lines 486--490
\T1/mdbch/m/n/12 a Ho-effd-ing Tree. First, we will ex-e-cute the task []\T1/cm
tt/m/n/12 EvaluatePeriodicHeldOutTest
 []

[13
Non-PDF special ignored!
Non-PDF special ignored!]
<figures/gnuplotGraph.pdf, id=517, 361.35pt x 252.945pt>
File: figures/gnuplotGraph.pdf Graphic file (type pdf)

<use figures/gnuplotGraph.pdf>
Package pdftex.def Info: figures/gnuplotGraph.pdf used on input line 520.
(pdftex.def)             Requested size: 361.34912pt x 252.94438pt.

Underfull \vbox (badness 6268) has occurred while \output is active []

 [14

pdfTeX warning: pdflatex.exe: pop empty color page stack 0
Non-PDF special ignored!] [15
Non-PDF special ignored!
Non-PDF special ignored! <./figures/gnuplotGraph.pdf>] [16

]
Chapter 4.
LaTeX Font Info:    Font shape `T1/mdbch/m/n' will be
(Font)              scaled to size 5.76004pt on input line 531.
LaTeX Font Info:    Font shape `T1/mdbch/b/n' will be
(Font)              scaled to size 5.76004pt on input line 532.
[17

pdfTeX warning: pdflatex.exe: pop empty color page stack 0
Non-PDF special ignored!
Non-PDF special ignored!] [18
Non-PDF special ignored!]
Overfull \hbox (16.57251pt too wide) in paragraph at lines 615--616
[]\T1/mdbch/m/n/12 The []\T1/cmtt/m/n/12 isRandomizable() \T1/mdbch/m/n/12 func
-tion needs to be im-ple-mented to spec-ify whether
 []

LaTeX Font Info:    Font shape `OT1/mdbch/m/n' will be
(Font)              scaled to size 4.80003pt on input line 634.
LaTeX Font Info:    Font shape `OML/mdbch/m/it' will be
(Font)              scaled to size 4.80003pt on input line 634.
LaTeX Font Info:    Font shape `OMS/mdbch/m/n' will be
(Font)              scaled to size 4.80003pt on input line 634.
LaTeX Font Info:    Font shape `OMX/mdbch/m/n' will be
(Font)              scaled to size 4.80003pt on input line 634.
LaTeX Font Info:    Font shape `OML/mdbch/m/n' will be
(Font)              scaled to size 4.80003pt on input line 634.
LaTeX Font Info:    Font shape `MDA/mdbch/m/n' will be
(Font)              scaled to size 4.80003pt on input line 634.
LaTeX Font Info:    Font shape `MDB/mdbch/m/n' will be
(Font)              scaled to size 4.80003pt on input line 634.
[19
Non-PDF special ignored!
Non-PDF special ignored!] [20
Non-PDF special ignored!] [21
Non-PDF special ignored!
Non-PDF special ignored!] [22

pdfTeX warning: pdflatex.exe: pop empty color page stack 0
Non-PDF special ignored!] [23
Non-PDF special ignored!
Non-PDF special ignored!] [24

]
Chapter 5.
[25

pdfTeX warning: pdflatex.exe: pop empty color page stack 0


pdfTeX warning: pdflatex.exe: pop empty color page stack 0
Non-PDF special ignored!
Non-PDF special ignored!] [26

pdfTeX warning: pdflatex.exe: pop empty color page stack 0


pdfTeX warning: pdflatex.exe: pop empty color page stack 0
Non-PDF special ignored!] [27

pdfTeX warning: pdflatex.exe: pop empty color page stack 0


pdfTeX warning: pdflatex.exe: pop empty color page stack 0
Non-PDF special ignored!
Non-PDF special ignored!] [28

pdfTeX warning: pdflatex.exe: pop empty color page stack 0
Non-PDF special ignored!] [29

pdfTeX warning: pdflatex.exe: pop empty color page stack 0
Non-PDF special ignored!
Non-PDF special ignored!] [30
Non-PDF special ignored!]
Chapter 6.
[31



pdfTeX warning: pdflatex.exe: pop empty color page stack 0


pdfTeX warning: pdflatex.exe: pop empty color page stack 0
Non-PDF special ignored!
Non-PDF special ignored!]
\openout4 = `Manual.x.gnuplot'.

runsystem(gnuplot Manual.x.gnuplot)...disabled (restricted).



Package pgf Warning: Plot data file `Manual.x.table' not found. on input line 1
119.

\openout4 = `Manual.exp.gnuplot'.

runsystem(gnuplot Manual.exp.gnuplot)...disabled (restricted).


Package pgf Warning: Plot data file `Manual.exp.table' not found. on input line
 1120.

[32pdfTeX warning (ext4): destination with the same identifier (name{figure.6.1
}) has been already used, duplicate ignored

\@EveryShipout@Output ...@Org@Shipout \box \@cclv 
                                                  
l.1155 \begin{itemize}
                      

pdfTeX warning: pdflatex.exe: pop empty color page stack 0
Non-PDF special ignored!]

LaTeX Font Warning: Font shape `OMS/mdbch/m/it' undefined
(Font)              using `OMS/mdbch/m/n' instead
(Font)              for symbol `textbullet' on input line 1156.

LaTeX Font Info:    Font shape `OMS/mdbch/m/it' will be
(Font)              scaled to size 11.52008pt on input line 1157.

Overfull \hbox (3.86536pt too wide) in paragraph at lines 1200--1200
[]    \T1/cmtt/m/n/10 -d (ConceptDriftRealStream -s (ArffFileStream -f PokerOri
g.arff) \[] 
 []


Overfull \hbox (31.9986pt too wide) in paragraph at lines 1200--1200
[]    \T1/cmtt/m/n/10 -d (ArffFileStream -f elec.arff) -w 5000 -p 1000000 ) -w 
5000 -p 581012[] 
 []

[33

pdfTeX warning: pdflatex.exe: pop empty color page stack 0
Non-PDF special ignored!
Non-PDF special ignored!] [34

pdfTeX warning: pdflatex.exe: pop empty color page stack 0


pdfTeX warning: pdflatex.exe: pop empty color page stack 0


pdfTeX warning: pdflatex.exe: pop empty color page stack 0


pdfTeX warning: pdflatex.exe: pop empty color page stack 0
Non-PDF special ignored!] [35

pdfTeX warning: pdflatex.exe: pop empty color page stack 0
Non-PDF special ignored!
Non-PDF special ignored!] [36

pdfTeX warning: pdflatex.exe: pop empty color page stack 0


pdfTeX warning: pdflatex.exe: pop empty color page stack 0
Non-PDF special ignored!] [37

pdfTeX warning: pdflatex.exe: pop empty color page stack 0


pdfTeX warning: pdflatex.exe: pop empty color page stack 0
Non-PDF special ignored!
Non-PDF special ignored!] [38

pdfTeX warning: pdflatex.exe: pop empty color page stack 0
Non-PDF special ignored!] [39

pdfTeX warning: pdflatex.exe: pop empty color page stack 0


pdfTeX warning: pdflatex.exe: pop empty color page stack 0
Non-PDF special ignored!
Non-PDF special ignored!] [40

pdfTeX warning: pdflatex.exe: pop empty color page stack 0


pdfTeX warning: pdflatex.exe: pop empty color page stack 0
Non-PDF special ignored!]
Chapter 7.
[41


Non-PDF special ignored!
Non-PDF special ignored!]
LaTeX Font Info:    Font shape `T1/mdbch/m/n' will be
(Font)              scaled to size 7.68005pt on input line 1579.
 [42

pdfTeX warning: pdflatex.exe: pop empty color page stack 0


pdfTeX warning: pdflatex.exe: pop empty color page stack 0


pdfTeX warning: pdflatex.exe: pop empty color page stack 0
Non-PDF special ignored!] [43

pdfTeX warning: pdflatex.exe: pop empty color page stack 0


pdfTeX warning: pdflatex.exe: pop empty color page stack 0


pdfTeX warning: pdflatex.exe: pop empty color page stack 0
Non-PDF special ignored!
Non-PDF special ignored!]pdfTeX warning (ext4): destination with the same ident
ifier (name{cite.hulten-mining}) has been already used, duplicate ignored
<to be read again> 
                   \relax 
l.1620 \bibitem[C]{hulten-mining}
                                  [44
Non-PDF special ignored!] [45

pdfTeX warning: pdflatex.exe: pop empty color page stack 0
Non-PDF special ignored!
Non-PDF special ignored!] [46
Non-PDF special ignored!] [47

pdfTeX warning: pdflatex.exe: pop empty color page stack 0


pdfTeX warning: pdflatex.exe: pop empty color page stack 0


pdfTeX warning: pdflatex.exe: pop empty color page stack 0


pdfTeX warning: pdflatex.exe: pop empty color page stack 0
Non-PDF special ignored!
Non-PDF special ignored!]pdfTeX warning (ext4): destination with the same ident
ifier (name{cite.oza01online}) has been already used, duplicate ignored
<to be read again> 
                   \relax 
l.1839 \bibitem[OR]{oza01online}
                                 [48

pdfTeX warning: pdflatex.exe: pop empty color page stack 0


pdfTeX warning: pdflatex.exe: pop empty color page stack 0
Non-PDF special ignored!] [49

pdfTeX warning: pdflatex.exe: pop empty color page stack 0
Non-PDF special ignored!
Non-PDF special ignored!] [50

pdfTeX warning: pdflatex.exe: pop empty color page stack 0
Non-PDF special ignored!]pdfTeX warning (ext4): destination with the same ident
ifier (name{cite.ensemble}) has been already used, duplicate ignored
<to be read again> 
                   \relax 
l.2009 \bibitem[BHPKG]{ensemble}
                                 [51

pdfTeX warning: pdflatex.exe: pop empty color page stack 0


pdfTeX warning: pdflatex.exe: pop empty color page stack 0
Non-PDF special ignored!
Non-PDF special ignored!]
Package hyperref Info: bookmark level for unknown algorithm defaults to 0 on in
put line 2094.


LaTeX Warning: `h' float specifier changed to `ht'.

[52

pdfTeX warning: pdflatex.exe: pop empty color page stack 0
Non-PDF special ignored!]
Overfull \hbox (0.25087pt too wide) in paragraph at lines 2142--2143
[]\T1/mdbch/m/n/12 Leveraging Bag-ging Half us-ing re-sam-pling with-out re-pla
ce-ment half
 []

[53

pdfTeX warning: pdflatex.exe: pop empty color page stack 0
Non-PDF special ignored!
Non-PDF special ignored!]
Overfull \hbox (7.56888pt too wide) in paragraph at lines 2237--2238
\T1/mdbch/m/n/12 Implements the stochas-tic vari-ant of the Pe-ga-sos (Pri-mal 
Es-ti-mated sub-GrAdient
 []

[54

pdfTeX warning: pdflatex.exe: pop empty color page stack 0


pdfTeX warning: pdflatex.exe: pop empty color page stack 0


pdfTeX warning: pdflatex.exe: pop empty color page stack 0


pdfTeX warning: pdflatex.exe: pop empty color page stack 0


pdfTeX warning: pdflatex.exe: pop empty color page stack 0
Non-PDF special ignored!]
Overfull \hbox (0.9057pt too wide) in paragraph at lines 2298--2302
\T1/mdbch/m/n/12 Ri-card Gavald, and Rafael Morales-Bueno.  Early drift de-tec
-tion method.
 []


Overfull \hbox (13.24672pt too wide) in paragraph at lines 2298--2302
\T1/mdbch/m/n/12 In \T1/mdbch/m/it/12 Fourth In-ter-na-tional Work-shop on Know
l-edge Dis-cov-ery from Data Streams\T1/mdbch/m/n/12 ,
 []

[55

pdfTeX warning: pdflatex.exe: pop empty color page stack 0


pdfTeX warning: pdflatex.exe: pop empty color page stack 0
Non-PDF special ignored!
Non-PDF special ignored!] [56
Non-PDF special ignored!]
Chapter 8.
<figures/Weka.png, id=979, 198.7425pt x 104.39pt>
File: figures/Weka.png Graphic file (type png)
 <use figures/Weka.png>
Package pdftex.def Info: figures/Weka.png used on input line 2324.
(pdftex.def)             Requested size: 108.34131pt x 56.9055pt.

<figures/Screenshot-moa2.png, id=980, 429.605pt x 514.92375pt>
File: figures/Screenshot-moa2.png Graphic file (type png)

<use figures/Screenshot-moa2.png>
Package pdftex.def Info: figures/Screenshot-moa2.png used on input line 2331.
(pdftex.def)             Requested size: 130.56062pt x 156.49014pt.

<figures/Screenshot-moa1.png, id=981, 429.605pt x 342.27875pt>
File: figures/Screenshot-moa1.png Graphic file (type png)

<use figures/Screenshot-moa1.png>
Package pdftex.def Info: figures/Screenshot-moa1.png used on input line 2332.
(pdftex.def)             Requested size: 89.27576pt x 71.13188pt.
 [57



pdfTeX warning: pdflatex.exe: pop empty color page stack 0
Non-PDF special ignored!
Non-PDF special ignored! <./figures/Weka.png> <./figures/Screenshot-moa2.png> <
./figures/Screenshot-moa1.png>] [58

pdfTeX warning: pdflatex.exe: pop empty color page stack 0


pdfTeX warning: pdflatex.exe: pop empty color page stack 0
Non-PDF special ignored!]pdfTeX warning (ext4): destination with the same ident
ifier (name{cite.Gama}) has been already used, duplicate ignored
<to be read again> 
                   \relax 
l.2423 \bibitem[GMCR]{Gama}
                           pdfTeX warning (ext4): destination with the same ide
ntifier (name{cite.EDDM}) has been already used, duplicate ignored
<to be read again> 
                   \relax 
l.2429 \bibitem[BDF]{EDDM}
                          
Overfull \hbox (0.9057pt too wide) in paragraph at lines 2430--2434
\T1/mdbch/m/n/12 Ri-card Gavald, and Rafael Morales-Bueno.  Early drift de-tec
-tion method.
 []


Overfull \hbox (13.24672pt too wide) in paragraph at lines 2430--2434
\T1/mdbch/m/n/12 In \T1/mdbch/m/it/12 Fourth In-ter-na-tional Work-shop on Know
l-edge Dis-cov-ery from Data Streams\T1/mdbch/m/n/12 ,
 []

<figures/Screenshot-WekaE.png, id=993, 803.0pt x 602.25pt>
File: figures/Screenshot-WekaE.png Graphic file (type png)

<use figures/Screenshot-WekaE.png>
Package pdftex.def Info: figures/Screenshot-WekaE.png used on input line 2456.
(pdftex.def)             Requested size: 208.65254pt x 156.49014pt.

<figures/Screenshot-weka.png, id=994, 477.785pt x 245.91875pt>
File: figures/Screenshot-weka.png Graphic file (type png)

<use figures/Screenshot-weka.png>
Package pdftex.def Info: figures/Screenshot-weka.png used on input line 2457.
(pdftex.def)             Requested size: 138.19687pt x 71.13188pt.
 [59
Non-PDF special ignored!
Non-PDF special ignored!]
Overfull \hbox (39.14084pt too wide) in paragraph at lines 2486--2491
\T1/mdbch/m/n/12 "weka/gui", into your home di-rec-tory. Re-name the ex-ten-sio
n from ".props.addon"
 []

[60

pdfTeX warning: pdflatex.exe: pop empty color page stack 0
Non-PDF special ignored! <./figures/Screenshot-WekaE.png> <./figures/Screenshot
-weka.png>] [61
Non-PDF special ignored!
Non-PDF special ignored!]
Package atveryend Info: Empty hook `BeforeClearDocument' on input line 2495.
Package atveryend Info: Empty hook `AfterLastShipout' on input line 2495.
 (Manual.aux)
Package atveryend Info: Executing hook `AtVeryEndDocument' on input line 2495.
Package atveryend Info: Executing hook `AtEndAfterFileList' on input line 2495.

Package rerunfilecheck Info: File `Manual.out' has not changed.
(rerunfilecheck)             Checksum: E2F282438041629DEEB66240597BDEB0;5188.


LaTeX Font Warning: Some font shapes were not available, defaults substituted.


LaTeX Warning: There were multiply-defined labels.

Package atveryend Info: Empty hook `AtVeryVeryEnd' on input line 2495.
 ) 
Here is how much of TeX's memory you used:
 20439 strings out of 493334
 366663 string characters out of 3139245
 466642 words of memory out of 3000000
 23083 multiletter control sequences out of 15000+200000
 73384 words of font info for 99 fonts, out of 3000000 for 9000
 1141 hyphenation exceptions out of 8191
 62i,14n,72p,850b,1741s stack positions out of 5000i,500n,10000p,200000b,50000s
{C:/Program Files/MiKTeX 2.9/fonts/enc/dvips/fontname/texnansi.enc} <C:\Users
\Andrzej\AppData\Local\MiKTeX\2.9\fonts\pk\ljfour\jknappen\ec\dpi643\ectt1000.p
k> <C:\Users\Andrzej\AppData\Local\MiKTeX\2.9\fonts\pk\ljfour\jknappen\ec\dpi64
3\ectt1200.pk>{C:/Program Files/MiKTeX 2.9/fonts/enc/dvips/fontname/8r.enc}<C:/
Users/Andrzej/AppData/Roaming/MiKTeX/2.9/fonts/type1/bitstrea/charter/bchb8a.pf
b><C:/Users/Andrzej/AppData/Roaming/MiKTeX/2.9/fonts/type1/bitstrea/charter/bch
r8a.pfb><C:/Users/Andrzej/AppData/Roaming/MiKTeX/2.9/fonts/type1/bitstrea/chart
er/bchri8a.pfb><C:/Users/Andrzej/AppData/Roaming/MiKTeX/2.9/fonts/type1/mathdes
ign/mdbch/md-chr7t.pfb><C:/Users/Andrzej/AppData/Roaming/MiKTeX/2.9/fonts/type1
/mathdesign/mdbch/md-chr7v.pfb><C:/Users/Andrzej/AppData/Roaming/MiKTeX/2.9/fon
ts/type1/mathdesign/mdbch/md-chr7y.pfb><C:/Users/Andrzej/AppData/Roaming/MiKTeX
/2.9/fonts/type1/mathdesign/mdbch/md-chr8t.pfb><C:/Users/Andrzej/AppData/Roamin
g/MiKTeX/2.9/fonts/type1/mathdesign/mdbch/md-chri7m.pfb><C:/Program Files/MiKTe
X 2.9/fonts/type1/adobe/utopia/putb8a.pfb><C:/Program Files/MiKTeX 2.9/fonts/ty
pe1/urw/avantgar/uagd8a.pfb>
Output written on Manual.pdf (67 pages, 988158 bytes).
PDF statistics:
 1275 PDF objects out of 1440 (max. 8388607)
 431 named destinations out of 1000 (max. 500000)
 691 words of extra memory for PDF output out of 10000 (max. 10000000)

